1.error
(Reading database ... 142818 files and directories currently installed.)
Preparing to unpack cuda-repo-l4t-r21.3-6-5-prod_6.5-42_armhf.deb ...
Unpacking cuda-repo-l4t-r21.3-6-5-prod (6.5-42) ...
dpkg-deb (subprocess): decompressing archive member: internal gzip read error: '<fd:4>: invalid stored block lengths'
dpkg-deb: error: subprocess <decompress> returned error exit status 2
dpkg: error processing archive cuda-repo-l4t-r21.3-6-5-prod_6.5-42_armhf.deb (--install):
 subprocess dpkg-deb --fsys-tarfile returned error exit status 2
Errors were encountered while processing:
 cuda-repo-l4t-r21.3-6-5-prod_6.5-42_armhf.deb
2.ubuntu@tegra-ubuntu:~/Downloads$ sudo apt-get install gzip
Reading package lists... Done
Building dependency tree       
Reading state information... Done
gzip is already the newest version.
The following packages were automatically installed and are no longer required:
  libntdb1 libupstart1 python-ntdb python-pycurl
Use 'apt-get autoremove' to remove them.
0 upgraded, 0 newly installed, 0 to remove and 0 not upgraded.
3.查看版本号
ubuntu@tegra-ubuntu:~/Downloads$ uname -m && cat /etc/*release
armv7l
DISTRIB_ID=Ubuntuz
DISTRIB_RELEASE=14.04
DISTRIB_CODENAME=trusty
DISTRIB_DESCRIPTION="Ubuntu 14.04.5 LTS"
# R21 (release), REVISION: 4.0, GCID: 5650832, BOARD: ardbeg, EABI: hard, DATE: Thu Jun 25 22:38:59 UTC 2015
4.参考了英伟达CUDA的官方文档，http://developer.download.nvidia.com/compute/cuda/6_5/rel/docs/CUDA_Getting_Started_Linux.pdf
具体的CUDA安装与测试方法和一些博客中写的一样，参考博客链接：https://blog.wanghaoyu.cn/2016/02/12/install-OpenCV-and-CUDA-on-Manifold/
解决问题：decompressing archive member: internal gzip read error: '<fd:4>: invalid stored block lengths'
问题原因：猜测是deb包的问题，还有网络的问题
解决方案：换了无线网，调用命令：sudo apt-get clean（暂时不知道用途）,删除之前下载过的cuda,opencv包，重新下载cuda和opencv的包，下载地址：https://developer.nvidia.com/linux-tegra-r214
（这样竟然解决了困扰我2整天的问题）
5.the error when installing opencv2.4.10
Linking CXX executable ../../bin/opencv_createsamples
Linking CXX executable ../../bin/opencv_performance
Linking CXX executable ../../bin/opencv_haartraining
../../lib/libopencv_highgui.so.2.4.10: undefined reference to `half::_eLut'
../../lib/libopencv_highgui.so.2.4.10: undefined reference to `half::_toFloat'
../../lib/libopencv_highgui.so.2.4.10: undefined reference to `half::convert(int)'
6.参考http://blog.csdn.net/spades_k/article/details/53730996
sudo apt-get install python-dev python-numpy libtbb2 libtbb-dev libjpeg-dev libpng-dev libtiff-dev libjasper-dev libdc1394-22-dev  
安装有问题
后来update后，再试好了，但是对opencv安装没有帮助
7.在网上搜了错误undefined reference to `half::_eLut'，出现的问题大多和openexr的编译安装有关，后来发现openexr是opencv的第三方库，在opencv2.4.10/3rdparty中有openexr文件夹
openexr文件夹下有half文件夹，half文件夹下的half.h文件有对上述几个变量或函数的定义。
在网上搜索TK1下安装opencv2.4.10时，发现https://cloud.tencent.com/developer/article/1010057和http://blog.csdn.net/luotuo44/article/details/8958990
参考这两篇发现需要可以在cmake-gui界面下关闭openexr，尝试关闭生成新的cmakefile后，make install成功了
8.安装onboard SDK和onboard SDK ROS时，一开始使用了3.2版本的OSDK和3.3版本的OSDK ROS结果有问题，换了3.4版本的OSDK ROS也有问题。后来用了3.5版本的OSDK和3.5版本的OSDK ROS成功了

